#
# A fatal error has been detected by the Java Runtime Environment:
#
#  Internal Error (t:/workspace/open/src/hotspot/share/oops/generateOopMap.cpp:2162), pid=1267348, tid=1267684
#  fatal error: Illegal class file encountered. Try running with -Xverify:all in method runTest
#
# JRE version: Java(TM) SE Runtime Environment (10.0.1+10) (build 10.0.1+10)
# Java VM: Java HotSpot(TM) 64-Bit Server VM (10.0.1+10, mixed mode, tiered, compressed oops, g1 gc, windows-amd64)
# No core dump will be written. Minidumps are not enabled by default on client versions of Windows
#
# If you would like to submit a bug report, please visit:
#   http://bugreport.java.com/bugreport/crash.jsp
#

---------------  S U M M A R Y ------------

Command Line: -agentlib:jdwp=transport=dt_socket,suspend=y,address=localhost:50430 -ea -javaagent:C:\Dev\IDE\eclipse_jee\eclipse\configuration\org.eclipse.osgi\419\0\.cp\lib\javaagent-shaded.jar -Dfile.encoding=UTF-8 org.eclipse.jdt.internal.junit.runner.RemoteTestRunner -version 3 -port 50429 -testLoaderClass org.eclipse.jdt.internal.junit4.runner.JUnit4TestLoader -loaderpluginname org.eclipse.jdt.junit4.runtime -classNames com.naimuri.run.CommandLineArgumentRunnerTest

Host: Intel(R) Core(TM) i7-7700HQ CPU @ 2.80GHz, 8 cores, 7G,  Windows 10 , 64 bit Build 17763 (10.0.17763.1158)
Time: Tue Jun 02 20:57:55 2020 GMT Summer Time elapsed time: 91 seconds (0d 0h 1m 31s)

---------------  T H R E A D  ---------------

Current thread (0x0000020eaa5a7000):  VMThread "VM Thread" [stack: 0x000000b718500000,0x000000b718600000] [id=1267684]

Stack: [0x000000b718500000,0x000000b718600000]
[error occurred during error reporting (printing stack bounds), id 0xe0000000]

Native frames: (J=compiled Java code, j=interpreted, Vv=VM code, C=native code)
V  [jvm.dll+0x5a0369]
V  [jvm.dll+0x6bcf81]
V  [jvm.dll+0x6be176]
V  [jvm.dll+0x6be765]
V  [jvm.dll+0x6be71b]
V  [jvm.dll+0x59fb63]
V  [jvm.dll+0x59ff68]
C  [ntdll.dll+0xa479f]
C  [ntdll.dll+0x4bef]
C  [ntdll.dll+0xa350e]
C  0x0000020e93ce0ead

VM_Operation (0x000000b718fff240): GetOrSetLocal, mode: safepoint, requested by thread 0x0000020eab405800


---------------  P R O C E S S  ---------------

Threads class SMR info:
_java_thread_list=0x0000020eab4aab80, length=16, elements={
0x0000020e8c536000, 0x0000020eaa5ae800, 0x0000020eaa5b7800, 0x0000020eaa5ca800,
0x0000020eaa5cc800, 0x0000020eaa5cd000, 0x0000020eaa5ce000, 0x0000020eaaee1800,
0x0000020eaaee2800, 0x0000020eaaeeb000, 0x0000020eab405800, 0x0000020eab295800,
0x0000020eab270800, 0x0000020eab43e800, 0x0000020eab4a2800, 0x0000020eab21c800
}

Java Threads: ( => current thread )
  0x0000020e8c536000 JavaThread "main" [_thread_blocked, id=1267616, stack(0x000000b717000000,0x000000b717100000)]
  0x0000020eaa5ae800 JavaThread "Reference Handler" daemon [_thread_blocked, id=1267680, stack(0x000000b718600000,0x000000b718700000)]
  0x0000020eaa5b7800 JavaThread "Finalizer" daemon [_thread_blocked, id=1267688, stack(0x000000b718700000,0x000000b718800000)]
  0x0000020eaa5ca800 JavaThread "Signal Dispatcher" daemon [_thread_blocked, id=1267692, stack(0x000000b718800000,0x000000b718900000)]
  0x0000020eaa5cc800 JavaThread "Attach Listener" daemon [_thread_blocked, id=1267696, stack(0x000000b718900000,0x000000b718a00000)]
  0x0000020eaa5cd000 JavaThread "C2 CompilerThread0" daemon [_thread_blocked, id=1267700, stack(0x000000b718a00000,0x000000b718b00000)]
  0x0000020eaa5ce000 JavaThread "C2 CompilerThread1" daemon [_thread_blocked, id=1267704, stack(0x000000b718b00000,0x000000b718c00000)]
  0x0000020eaaee1800 JavaThread "C2 CompilerThread2" daemon [_thread_blocked, id=1267708, stack(0x000000b718c00000,0x000000b718d00000)]
  0x0000020eaaee2800 JavaThread "C1 CompilerThread3" daemon [_thread_blocked, id=1266916, stack(0x000000b718d00000,0x000000b718e00000)]
  0x0000020eaaeeb000 JavaThread "Sweeper thread" daemon [_thread_blocked, id=1266924, stack(0x000000b718e00000,0x000000b718f00000)]
  0x0000020eab405800 JavaThread "JDWP Transport Listener: dt_socket" daemon [_thread_blocked, id=1267016, stack(0x000000b718f00000,0x000000b719000000)] _threads_hazard_ptr=0x0000020eab4aab80
  0x0000020eab295800 JavaThread "JDWP Event Helper Thread" daemon [_thread_blocked, id=1266996, stack(0x000000b719000000,0x000000b719100000)]
  0x0000020eab270800 JavaThread "JDWP Command Reader" daemon [_thread_in_native, id=1267008, stack(0x000000b719100000,0x000000b719200000)]
  0x0000020eab43e800 JavaThread "Common-Cleaner" daemon [_thread_blocked, id=1266348, stack(0x000000b719200000,0x000000b719300000)]
  0x0000020eab4a2800 JavaThread "Service Thread" daemon [_thread_blocked, id=1266356, stack(0x000000b719300000,0x000000b719400000)]
  0x0000020eab21c800 JavaThread "ReaderThread" [_thread_in_native, id=1266236, stack(0x000000b719500000,0x000000b719600000)]

Other Threads:
=>0x0000020eaa5a7000 VMThread "VM Thread" [stack: 0x000000b718500000,0x000000b718600000] [id=1267684]
  0x0000020eab4a9000 WatcherThread [stack: 0x000000b719400000,0x000000b719500000] [id=1267584]
  0x0000020e8c54f800 GCTaskThread "GC Thread#0" [stack: 0x000000b717100000,0x000000b717200000] [id=1267644]
  0x0000020e8c551000 GCTaskThread "GC Thread#1" [stack: 0x000000b717200000,0x000000b717300000] [id=1267648]
  0x0000020e8c554000 GCTaskThread "GC Thread#2" [stack: 0x000000b717300000,0x000000b717400000] [id=1267636]
  0x0000020e8c557800 GCTaskThread "GC Thread#3" [stack: 0x000000b717400000,0x000000b717500000] [id=1267632]
  0x0000020e8c55a800 GCTaskThread "GC Thread#4" [stack: 0x000000b717500000,0x000000b717600000] [id=1267628]
  0x0000020e8c55f000 GCTaskThread "GC Thread#5" [stack: 0x000000b717600000,0x000000b717700000] [id=1267624]
  0x0000020e8c565000 GCTaskThread "GC Thread#6" [stack: 0x000000b717700000,0x000000b717800000] [id=1267640]
  0x0000020e8c566800 GCTaskThread "GC Thread#7" [stack: 0x000000b717800000,0x000000b717900000] [id=1267620]
  0x0000020e8c5d2800 ConcurrentGCThread "G1 Main Marker" [stack: 0x000000b717900000,0x000000b717a00000] [id=1267612]
  0x0000020e8c5d3800 ConcurrentGCThread "G1 Conc#0" [stack: 0x000000b717a00000,0x000000b717b00000] [id=1266328]
  0x0000020e8c5dc800 ConcurrentGCThread "G1 Conc#1" [stack: 0x000000b717b00000,0x000000b717c00000] [id=1266320]
  0x0000020eaa428800 ConcurrentGCThread "G1 Refine#0" [stack: 0x000000b717c00000,0x000000b717d00000] [id=1266324]
  0x0000020eaa429000 ConcurrentGCThread "G1 Refine#1" [stack: 0x000000b717d00000,0x000000b717e00000] [id=1267604]
  0x0000020eaa42a000 ConcurrentGCThread "G1 Refine#2" [stack: 0x000000b717e00000,0x000000b717f00000] [id=1266360]
  0x0000020eaa42d800 ConcurrentGCThread "G1 Refine#3" [stack: 0x000000b717f00000,0x000000b718000000] [id=1266972]
  0x0000020eaa432800 ConcurrentGCThread "G1 Refine#4" [stack: 0x000000b718000000,0x000000b718100000] [id=1267660]
  0x0000020eaa435000 ConcurrentGCThread "G1 Refine#5" [stack: 0x000000b718100000,0x000000b718200000] [id=1266388]
  0x0000020eaa436800 ConcurrentGCThread "G1 Refine#6" [stack: 0x000000b718200000,0x000000b718300000] [id=1267672]
  0x0000020eaa441800 ConcurrentGCThread "G1 Refine#7" [stack: 0x000000b718300000,0x000000b718400000] [id=1267668]
  0x0000020eaa442000 ConcurrentGCThread "G1 Young RemSet Sampling" [stack: 0x000000b718400000,0x000000b718500000] [id=1267676]

Threads with active compile tasks:

VM state:at safepoint (normal execution)

VM Mutex/Monitor currently owned by a thread:  ([mutex/lock_event])
[0x0000020e8c534170] Threads_lock - owner thread: 0x0000020eaa5a7000

Heap address: 0x0000000081c00000, size: 2020 MB, Compressed Oops mode: 32-bit
Narrow klass base: 0x0000000000000000, Narrow klass shift: 3
Compressed class space size: 1073741824 Address: 0x0000000100000000

Heap:
 garbage-first heap   total 131072K, used 14336K [0x0000000081c00000, 0x0000000100000000)
  region size 1024K, 15 young (15360K), 0 survivors (0K)
 Metaspace       used 10286K, capacity 10394K, committed 10624K, reserved 1058816K
  class space    used 998K, capacity 1061K, committed 1152K, reserved 1048576K
Heap Regions: E=young(eden), S=young(survivor), O=old, HS=humongous(starts), HC=humongous(continues), CS=collection set, F=free, A=archive, TS=gc time stamp, AC=allocation context, TAMS=top-at-mark-start (previous, next)
|   0|0x0000000081c00000, 0x0000000081c00000, 0x0000000081d00000|  0%| F|  |TS  0|AC  0|TAMS 0x0000000081c00000, 0x0000000081c00000|
|   1|0x0000000081d00000, 0x0000000081d00000, 0x0000000081e00000|  0%| F|  |TS  0|AC  0|TAMS 0x0000000081d00000, 0x0000000081d00000|
|   2|0x0000000081e00000, 0x0000000081e00000, 0x0000000081f00000|  0%| F|  |TS  0|AC  0|TAMS 0x0000000081e00000, 0x0000000081e00000|
|   3|0x0000000081f00000, 0x0000000081f00000, 0x0000000082000000|  0%| F|  |TS  0|AC  0|TAMS 0x0000000081f00000, 0x0000000081f00000|
|   4|0x0000000082000000, 0x0000000082000000, 0x0000000082100000|  0%| F|  |TS  0|AC  0|TAMS 0x0000000082000000, 0x0000000082000000|
|   5|0x0000000082100000, 0x0000000082100000, 0x0000000082200000|  0%| F|  |TS  0|AC  0|TAMS 0x0000000082100000, 0x0000000082100000|
|   6|0x0000000082200000, 0x0000000082200000, 0x0000000082300000|  0%| F|  |TS  0|AC  0|TAMS 0x0000000082200000, 0x0000000082200000|
|   7|0x0000000082300000, 0x0000000082300000, 0x0000000082400000|  0%| F|  |TS  0|AC  0|TAMS 0x0000000082300000, 0x0000000082300000|
|   8|0x0000000082400000, 0x0000000082400000, 0x0000000082500000|  0%| F|  |TS  0|AC  0|TAMS 0x0000000082400000, 0x0000000082400000|
|   9|0x0000000082500000, 0x0000000082500000, 0x0000000082600000|  0%| F|  |TS  0|AC  0|TAMS 0x0000000082500000, 0x0000000082500000|
|  10|0x0000000082600000, 0x0000000082600000, 0x0000000082700000|  0%| F|  |TS  0|AC  0|TAMS 0x0000000082600000, 0x0000000082600000|
|  11|0x0000000082700000, 0x0000000082700000, 0x0000000082800000|  0%| F|  |TS  0|AC  0|TAMS 0x0000000082700000, 0x0000000082700000|
|  12|0x0000000082800000, 0x0000000082800000, 0x0000000082900000|  0%| F|  |TS  0|AC  0|TAMS 0x0000000082800000, 0x0000000082800000|
|  13|0x0000000082900000, 0x0000000082900000, 0x0000000082a00000|  0%| F|  |TS  0|AC  0|TAMS 0x0000000082900000, 0x0000000082900000|
|  14|0x0000000082a00000, 0x0000000082a00000, 0x0000000082b00000|  0%| F|  |TS  0|AC  0|TAMS 0x0000000082a00000, 0x0000000082a00000|
|  15|0x0000000082b00000, 0x0000000082b00000, 0x0000000082c00000|  0%| F|  |TS  0|AC  0|TAMS 0x0000000082b00000, 0x0000000082b00000|
|  16|0x0000000082c00000, 0x0000000082c00000, 0x0000000082d00000|  0%| F|  |TS  0|AC  0|TAMS 0x0000000082c00000, 0x0000000082c00000|
|  17|0x0000000082d00000, 0x0000000082d00000, 0x0000000082e00000|  0%| F|  |TS  0|AC  0|TAMS 0x0000000082d00000, 0x0000000082d00000|
|  18|0x0000000082e00000, 0x0000000082e00000, 0x0000000082f00000|  0%| F|  |TS  0|AC  0|TAMS 0x0000000082e00000, 0x0000000082e00000|
|  19|0x0000000082f00000, 0x0000000082f00000, 0x0000000083000000|  0%| F|  |TS  0|AC  0|TAMS 0x0000000082f00000, 0x0000000082f00000|
|  20|0x0000000083000000, 0x0000000083000000, 0x0000000083100000|  0%| F|  |TS  0|AC  0|TAMS 0x0000000083000000, 0x0000000083000000|
|  21|0x0000000083100000, 0x0000000083100000, 0x0000000083200000|  0%| F|  |TS  0|AC  0|TAMS 0x0000000083100000, 0x0000000083100000|
|  22|0x0000000083200000, 0x0000000083200000, 0x0000000083300000|  0%| F|  |TS  0|AC  0|TAMS 0x0000000083200000, 0x0000000083200000|
|  23|0x0000000083300000, 0x0000000083300000, 0x0000000083400000|  0%| F|  |TS  0|AC  0|TAMS 0x0000000083300000, 0x0000000083300000|
|  24|0x0000000083400000, 0x0000000083400000, 0x0000000083500000|  0%| F|  |TS  0|AC  0|TAMS 0x0000000083400000, 0x0000000083400000|
|  25|0x0000000083500000, 0x0000000083500000, 0x0000000083600000|  0%| F|  |TS  0|AC  0|TAMS 0x0000000083500000, 0x0000000083500000|
|  26|0x0000000083600000, 0x0000000083600000, 0x0000000083700000|  0%| F|  |TS  0|AC  0|TAMS 0x0000000083600000, 0x0000000083600000|
|  27|0x0000000083700000, 0x0000000083700000, 0x0000000083800000|  0%| F|  |TS  0|AC  0|TAMS 0x0000000083700000, 0x0000000083700000|
|  28|0x0000000083800000, 0x0000000083800000, 0x0000000083900000|  0%| F|  |TS  0|AC  0|TAMS 0x0000000083800000, 0x0000000083800000|
|  29|0x0000000083900000, 0x0000000083900000, 0x0000000083a00000|  0%| F|  |TS  0|AC  0|TAMS 0x0000000083900000, 0x0000000083900000|
|  30|0x0000000083a00000, 0x0000000083a00000, 0x0000000083b00000|  0%| F|  |TS  0|AC  0|TAMS 0x0000000083a00000, 0x0000000083a00000|
|  31|0x0000000083b00000, 0x0000000083b00000, 0x0000000083c00000|  0%| F|  |TS  0|AC  0|TAMS 0x0000000083b00000, 0x0000000083b00000|
|  32|0x0000000083c00000, 0x0000000083c00000, 0x0000000083d00000|  0%| F|  |TS  0|AC  0|TAMS 0x0000000083c00000, 0x0000000083c00000|
|  33|0x0000000083d00000, 0x0000000083d00000, 0x0000000083e00000|  0%| F|  |TS  0|AC  0|TAMS 0x0000000083d00000, 0x0000000083d00000|
|  34|0x0000000083e00000, 0x0000000083e00000, 0x0000000083f00000|  0%| F|  |TS  0|AC  0|TAMS 0x0000000083e00000, 0x0000000083e00000|
|  35|0x0000000083f00000, 0x0000000083f00000, 0x0000000084000000|  0%| F|  |TS  0|AC  0|TAMS 0x0000000083f00000, 0x0000000083f00000|
|  36|0x0000000084000000, 0x0000000084000000, 0x0000000084100000|  0%| F|  |TS  0|AC  0|TAMS 0x0000000084000000, 0x0000000084000000|
|  37|0x0000000084100000, 0x0000000084100000, 0x0000000084200000|  0%| F|  |TS  0|AC  0|TAMS 0x0000000084100000, 0x0000000084100000|
|  38|0x0000000084200000, 0x0000000084200000, 0x0000000084300000|  0%| F|  |TS  0|AC  0|TAMS 0x0000000084200000, 0x0000000084200000|
|  39|0x0000000084300000, 0x0000000084300000, 0x0000000084400000|  0%| F|  |TS  0|AC  0|TAMS 0x0000000084300000, 0x0000000084300000|
|  40|0x0000000084400000, 0x0000000084400000, 0x0000000084500000|  0%| F|  |TS  0|AC  0|TAMS 0x0000000084400000, 0x0000000084400000|
|  41|0x0000000084500000, 0x0000000084500000, 0x0000000084600000|  0%| F|  |TS  0|AC  0|TAMS 0x0000000084500000, 0x0000000084500000|
|  42|0x0000000084600000, 0x0000000084600000, 0x0000000084700000|  0%| F|  |TS  0|AC  0|TAMS 0x0000000084600000, 0x0000000084600000|
|  43|0x0000000084700000, 0x0000000084700000, 0x0000000084800000|  0%| F|  |TS  0|AC  0|TAMS 0x0000000084700000, 0x0000000084700000|
|  44|0x0000000084800000, 0x0000000084800000, 0x0000000084900000|  0%| F|  |TS  0|AC  0|TAMS 0x0000000084800000, 0x0000000084800000|
|  45|0x0000000084900000, 0x0000000084900000, 0x0000000084a00000|  0%| F|  |TS  0|AC  0|TAMS 0x0000000084900000, 0x0000000084900000|
|  46|0x0000000084a00000, 0x0000000084a00000, 0x0000000084b00000|  0%| F|  |TS  0|AC  0|TAMS 0x0000000084a00000, 0x0000000084a00000|
|  47|0x0000000084b00000, 0x0000000084b00000, 0x0000000084c00000|  0%| F|  |TS  0|AC  0|TAMS 0x0000000084b00000, 0x0000000084b00000|
|  48|0x0000000084c00000, 0x0000000084c00000, 0x0000000084d00000|  0%| F|  |TS  0|AC  0|TAMS 0x0000000084c00000, 0x0000000084c00000|
|  49|0x0000000084d00000, 0x0000000084d00000, 0x0000000084e00000|  0%| F|  |TS  0|AC  0|TAMS 0x0000000084d00000, 0x0000000084d00000|
|  50|0x0000000084e00000, 0x0000000084e00000, 0x0000000084f00000|  0%| F|  |TS  0|AC  0|TAMS 0x0000000084e00000, 0x0000000084e00000|
|  51|0x0000000084f00000, 0x0000000084f00000, 0x0000000085000000|  0%| F|  |TS  0|AC  0|TAMS 0x0000000084f00000, 0x0000000084f00000|
|  52|0x0000000085000000, 0x0000000085000000, 0x0000000085100000|  0%| F|  |TS  0|AC  0|TAMS 0x0000000085000000, 0x0000000085000000|
|  53|0x0000000085100000, 0x0000000085100000, 0x0000000085200000|  0%| F|  |TS  0|AC  0|TAMS 0x0000000085100000, 0x0000000085100000|
|  54|0x0000000085200000, 0x0000000085200000, 0x0000000085300000|  0%| F|  |TS  0|AC  0|TAMS 0x0000000085200000, 0x0000000085200000|
|  55|0x0000000085300000, 0x0000000085300000, 0x0000000085400000|  0%| F|  |TS  0|AC  0|TAMS 0x0000000085300000, 0x0000000085300000|
|  56|0x0000000085400000, 0x0000000085400000, 0x0000000085500000|  0%| F|  |TS  0|AC  0|TAMS 0x0000000085400000, 0x0000000085400000|
|  57|0x0000000085500000, 0x0000000085500000, 0x0000000085600000|  0%| F|  |TS  0|AC  0|TAMS 0x0000000085500000, 0x0000000085500000|
|  58|0x0000000085600000, 0x0000000085600000, 0x0000000085700000|  0%| F|  |TS  0|AC  0|TAMS 0x0000000085600000, 0x0000000085600000|
|  59|0x0000000085700000, 0x0000000085700000, 0x0000000085800000|  0%| F|  |TS  0|AC  0|TAMS 0x0000000085700000, 0x0000000085700000|
|  60|0x0000000085800000, 0x0000000085800000, 0x0000000085900000|  0%| F|  |TS  0|AC  0|TAMS 0x0000000085800000, 0x0000000085800000|
|  61|0x0000000085900000, 0x0000000085900000, 0x0000000085a00000|  0%| F|  |TS  0|AC  0|TAMS 0x0000000085900000, 0x0000000085900000|
|  62|0x0000000085a00000, 0x0000000085a00000, 0x0000000085b00000|  0%| F|  |TS  0|AC  0|TAMS 0x0000000085a00000, 0x0000000085a00000|
|  63|0x0000000085b00000, 0x0000000085b00000, 0x0000000085c00000|  0%| F|  |TS  0|AC  0|TAMS 0x0000000085b00000, 0x0000000085b00000|
|  64|0x0000000085c00000, 0x0000000085c00000, 0x0000000085d00000|  0%| F|  |TS  0|AC  0|TAMS 0x0000000085c00000, 0x0000000085c00000|
|  65|0x0000000085d00000, 0x0000000085d00000, 0x0000000085e00000|  0%| F|  |TS  0|AC  0|TAMS 0x0000000085d00000, 0x0000000085d00000|
|  66|0x0000000085e00000, 0x0000000085e00000, 0x0000000085f00000|  0%| F|  |TS  0|AC  0|TAMS 0x0000000085e00000, 0x0000000085e00000|
|  67|0x0000000085f00000, 0x0000000085f00000, 0x0000000086000000|  0%| F|  |TS  0|AC  0|TAMS 0x0000000085f00000, 0x0000000085f00000|
|  68|0x0000000086000000, 0x0000000086000000, 0x0000000086100000|  0%| F|  |TS  0|AC  0|TAMS 0x0000000086000000, 0x0000000086000000|
|  69|0x0000000086100000, 0x0000000086100000, 0x0000000086200000|  0%| F|  |TS  0|AC  0|TAMS 0x0000000086100000, 0x0000000086100000|
|  70|0x0000000086200000, 0x0000000086200000, 0x0000000086300000|  0%| F|  |TS  0|AC  0|TAMS 0x0000000086200000, 0x0000000086200000|
|  71|0x0000000086300000, 0x0000000086300000, 0x0000000086400000|  0%| F|  |TS  0|AC  0|TAMS 0x0000000086300000, 0x0000000086300000|
|  72|0x0000000086400000, 0x0000000086400000, 0x0000000086500000|  0%| F|  |TS  0|AC  0|TAMS 0x0000000086400000, 0x0000000086400000|
|  73|0x0000000086500000, 0x0000000086500000, 0x0000000086600000|  0%| F|  |TS  0|AC  0|TAMS 0x0000000086500000, 0x0000000086500000|
|  74|0x0000000086600000, 0x0000000086600000, 0x0000000086700000|  0%| F|  |TS  0|AC  0|TAMS 0x0000000086600000, 0x0000000086600000|
|  75|0x0000000086700000, 0x0000000086700000, 0x0000000086800000|  0%| F|  |TS  0|AC  0|TAMS 0x0000000086700000, 0x0000000086700000|
|  76|0x0000000086800000, 0x0000000086800000, 0x0000000086900000|  0%| F|  |TS  0|AC  0|TAMS 0x0000000086800000, 0x0000000086800000|
|  77|0x0000000086900000, 0x0000000086900000, 0x0000000086a00000|  0%| F|  |TS  0|AC  0|TAMS 0x0000000086900000, 0x0000000086900000|
|  78|0x0000000086a00000, 0x0000000086a00000, 0x0000000086b00000|  0%| F|  |TS  0|AC  0|TAMS 0x0000000086a00000, 0x0000000086a00000|
|  79|0x0000000086b00000, 0x0000000086b00000, 0x0000000086c00000|  0%| F|  |TS  0|AC  0|TAMS 0x0000000086b00000, 0x0000000086b00000|
|  80|0x0000000086c00000, 0x0000000086c00000, 0x0000000086d00000|  0%| F|  |TS  0|AC  0|TAMS 0x0000000086c00000, 0x0000000086c00000|
|  81|0x0000000086d00000, 0x0000000086d00000, 0x0000000086e00000|  0%| F|  |TS  0|AC  0|TAMS 0x0000000086d00000, 0x0000000086d00000|
|  82|0x0000000086e00000, 0x0000000086e00000, 0x0000000086f00000|  0%| F|  |TS  0|AC  0|TAMS 0x0000000086e00000, 0x0000000086e00000|
|  83|0x0000000086f00000, 0x0000000086f00000, 0x0000000087000000|  0%| F|  |TS  0|AC  0|TAMS 0x0000000086f00000, 0x0000000086f00000|
|  84|0x0000000087000000, 0x0000000087000000, 0x0000000087100000|  0%| F|  |TS  0|AC  0|TAMS 0x0000000087000000, 0x0000000087000000|
|  85|0x0000000087100000, 0x0000000087100000, 0x0000000087200000|  0%| F|  |TS  0|AC  0|TAMS 0x0000000087100000, 0x0000000087100000|
|  86|0x0000000087200000, 0x0000000087200000, 0x0000000087300000|  0%| F|  |TS  0|AC  0|TAMS 0x0000000087200000, 0x0000000087200000|
|  87|0x0000000087300000, 0x0000000087300000, 0x0000000087400000|  0%| F|  |TS  0|AC  0|TAMS 0x0000000087300000, 0x0000000087300000|
|  88|0x0000000087400000, 0x0000000087400000, 0x0000000087500000|  0%| F|  |TS  0|AC  0|TAMS 0x0000000087400000, 0x0000000087400000|
|  89|0x0000000087500000, 0x0000000087500000, 0x0000000087600000|  0%| F|  |TS  0|AC  0|TAMS 0x0000000087500000, 0x0000000087500000|
|  90|0x0000000087600000, 0x0000000087600000, 0x0000000087700000|  0%| F|  |TS  0|AC  0|TAMS 0x0000000087600000, 0x0000000087600000|
|  91|0x0000000087700000, 0x0000000087700000, 0x0000000087800000|  0%| F|  |TS  0|AC  0|TAMS 0x0000000087700000, 0x0000000087700000|
|  92|0x0000000087800000, 0x0000000087800000, 0x0000000087900000|  0%| F|  |TS  0|AC  0|TAMS 0x0000000087800000, 0x0000000087800000|
|  93|0x0000000087900000, 0x0000000087900000, 0x0000000087a00000|  0%| F|  |TS  0|AC  0|TAMS 0x0000000087900000, 0x0000000087900000|
|  94|0x0000000087a00000, 0x0000000087a00000, 0x0000000087b00000|  0%| F|  |TS  0|AC  0|TAMS 0x0000000087a00000, 0x0000000087a00000|
|  95|0x0000000087b00000, 0x0000000087b00000, 0x0000000087c00000|  0%| F|  |TS  0|AC  0|TAMS 0x0000000087b00000, 0x0000000087b00000|
|  96|0x0000000087c00000, 0x0000000087c00000, 0x0000000087d00000|  0%| F|  |TS  0|AC  0|TAMS 0x0000000087c00000, 0x0000000087c00000|
|  97|0x0000000087d00000, 0x0000000087d00000, 0x0000000087e00000|  0%| F|  |TS  0|AC  0|TAMS 0x0000000087d00000, 0x0000000087d00000|
|  98|0x0000000087e00000, 0x0000000087e00000, 0x0000000087f00000|  0%| F|  |TS  0|AC  0|TAMS 0x0000000087e00000, 0x0000000087e00000|
|  99|0x0000000087f00000, 0x0000000087f00000, 0x0000000088000000|  0%| F|  |TS  0|AC  0|TAMS 0x0000000087f00000, 0x0000000087f00000|
| 100|0x0000000088000000, 0x0000000088000000, 0x0000000088100000|  0%| F|  |TS  0|AC  0|TAMS 0x0000000088000000, 0x0000000088000000|
| 101|0x0000000088100000, 0x0000000088100000, 0x0000000088200000|  0%| F|  |TS  0|AC  0|TAMS 0x0000000088100000, 0x0000000088100000|
| 102|0x0000000088200000, 0x0000000088200000, 0x0000000088300000|  0%| F|  |TS  0|AC  0|TAMS 0x0000000088200000, 0x0000000088200000|
| 103|0x0000000088300000, 0x0000000088300000, 0x0000000088400000|  0%| F|  |TS  0|AC  0|TAMS 0x0000000088300000, 0x0000000088300000|
| 104|0x0000000088400000, 0x0000000088400000, 0x0000000088500000|  0%| F|  |TS  0|AC  0|TAMS 0x0000000088400000, 0x0000000088400000|
| 105|0x0000000088500000, 0x0000000088500000, 0x0000000088600000|  0%| F|  |TS  0|AC  0|TAMS 0x0000000088500000, 0x0000000088500000|
| 106|0x0000000088600000, 0x0000000088600000, 0x0000000088700000|  0%| F|  |TS  0|AC  0|TAMS 0x0000000088600000, 0x0000000088600000|
| 107|0x0000000088700000, 0x0000000088700000, 0x0000000088800000|  0%| F|  |TS  0|AC  0|TAMS 0x0000000088700000, 0x0000000088700000|
| 108|0x0000000088800000, 0x0000000088800000, 0x0000000088900000|  0%| F|  |TS  0|AC  0|TAMS 0x0000000088800000, 0x0000000088800000|
| 109|0x0000000088900000, 0x0000000088900000, 0x0000000088a00000|  0%| F|  |TS  0|AC  0|TAMS 0x0000000088900000, 0x0000000088900000|
| 110|0x0000000088a00000, 0x0000000088a00000, 0x0000000088b00000|  0%| F|  |TS  0|AC  0|TAMS 0x0000000088a00000, 0x0000000088a00000|
| 111|0x0000000088b00000, 0x0000000088b00000, 0x0000000088c00000|  0%| F|  |TS  0|AC  0|TAMS 0x0000000088b00000, 0x0000000088b00000|
| 112|0x0000000088c00000, 0x0000000088c00000, 0x0000000088d00000|  0%| F|  |TS  0|AC  0|TAMS 0x0000000088c00000, 0x0000000088c00000|
| 113|0x0000000088d00000, 0x0000000088dfb470, 0x0000000088e00000| 98%| E|  |TS  0|AC  0|TAMS 0x0000000088d00000, 0x0000000088d00000|
| 114|0x0000000088e00000, 0x0000000088f00000, 0x0000000088f00000|100%| E|CS|TS  0|AC  0|TAMS 0x0000000088e00000, 0x0000000088e00000|
| 115|0x0000000088f00000, 0x0000000089000000, 0x0000000089000000|100%| E|CS|TS  0|AC  0|TAMS 0x0000000088f00000, 0x0000000088f00000|
| 116|0x0000000089000000, 0x0000000089100000, 0x0000000089100000|100%| E|CS|TS  0|AC  0|TAMS 0x0000000089000000, 0x0000000089000000|
| 117|0x0000000089100000, 0x0000000089200000, 0x0000000089200000|100%| E|CS|TS  0|AC  0|TAMS 0x0000000089100000, 0x0000000089100000|
| 118|0x0000000089200000, 0x0000000089300000, 0x0000000089300000|100%| E|CS|TS  0|AC  0|TAMS 0x0000000089200000, 0x0000000089200000|
| 119|0x0000000089300000, 0x0000000089400000, 0x0000000089400000|100%| E|CS|TS  0|AC  0|TAMS 0x0000000089300000, 0x0000000089300000|
| 120|0x0000000089400000, 0x0000000089500000, 0x0000000089500000|100%| E|CS|TS  0|AC  0|TAMS 0x0000000089400000, 0x0000000089400000|
| 121|0x0000000089500000, 0x0000000089600000, 0x0000000089600000|100%| E|CS|TS  0|AC  0|TAMS 0x0000000089500000, 0x0000000089500000|
| 122|0x0000000089600000, 0x0000000089700000, 0x0000000089700000|100%| E|CS|TS  0|AC  0|TAMS 0x0000000089600000, 0x0000000089600000|
| 123|0x0000000089700000, 0x0000000089800000, 0x0000000089800000|100%| E|CS|TS  0|AC  0|TAMS 0x0000000089700000, 0x0000000089700000|
| 124|0x0000000089800000, 0x0000000089900000, 0x0000000089900000|100%| E|CS|TS  0|AC  0|TAMS 0x0000000089800000, 0x0000000089800000|
| 125|0x0000000089900000, 0x0000000089a00000, 0x0000000089a00000|100%| E|CS|TS  0|AC  0|TAMS 0x0000000089900000, 0x0000000089900000|
| 126|0x0000000089a00000, 0x0000000089b00000, 0x0000000089b00000|100%| E|CS|TS  0|AC  0|TAMS 0x0000000089a00000, 0x0000000089a00000|
| 127|0x0000000089b00000, 0x0000000089c00000, 0x0000000089c00000|100%| E|CS|TS  0|AC  0|TAMS 0x0000000089b00000, 0x0000000089b00000|

Card table byte_map: [0x0000020ea3410000,0x0000020ea3810000] byte_map_base: 0x0000020ea3002000

Marking Bits (Prev, Next): (CMBitMap*) 0x0000020e8c5d1a70, (CMBitMap*) 0x0000020e8c5d1aa8
 Prev Bits: [0x0000020ea3c10000, 0x0000020ea5ba0000)
 Next Bits: [0x0000020ea5ba0000, 0x0000020ea7b30000)

Polling page: 0x0000020e8a2d0000

CodeHeap 'non-profiled nmethods': size=120000Kb used=300Kb max_used=300Kb free=119699Kb
 bounds [0x0000020e9b7b0000, 0x0000020e9ba20000, 0x0000020ea2ce0000]
CodeHeap 'profiled nmethods': size=120000Kb used=1604Kb max_used=1604Kb free=118395Kb
 bounds [0x0000020e94280000, 0x0000020e944f0000, 0x0000020e9b7b0000]
CodeHeap 'non-nmethods': size=5760Kb used=1150Kb max_used=1162Kb free=4610Kb
 bounds [0x0000020e93ce0000, 0x0000020e93f50000, 0x0000020e94280000]
 total_blobs=1366 nmethods=790 adapters=285
 compilation: enabled

Compilation events (10 events):
Event: 23.162 Thread 0x0000020eaa5ce000 nmethod 779 0x0000020e9b7f8a90 code [0x0000020e9b7f8c40, 0x0000020e9b7f91d8]
Event: 23.162 Thread 0x0000020eaa5ce000  788       4       java.lang.StringBuilder::append (8 bytes)
Event: 23.162 Thread 0x0000020eaaee2800 nmethod 787 0x0000020e9440c010 code [0x0000020e9440c280, 0x0000020e9440d0a0]
Event: 23.162 Thread 0x0000020eaaee2800  789       3       java.util.Properties::saveConvert (434 bytes)
Event: 23.165 Thread 0x0000020eaaee2800 nmethod 789 0x0000020e9440d390 code [0x0000020e9440d880, 0x0000020e9440fa50]
Event: 23.165 Thread 0x0000020eaaee1800 nmethod 786 0x0000020e9b7f9510 code [0x0000020e9b7f96c0, 0x0000020e9b7f9bd8]
Event: 23.166 Thread 0x0000020eaa5ce000 nmethod 788 0x0000020e9b7f9e90 code [0x0000020e9b7fa040, 0x0000020e9b7fa5d8]
Event: 23.170 Thread 0x0000020eaa5cd000 nmethod 783 0x0000020e9b7fa890 code [0x0000020e9b7faa20, 0x0000020e9b7faf98]
Event: 29.448 Thread 0x0000020eaaee2800  790       3       java.lang.String::equals (65 bytes)
Event: 29.453 Thread 0x0000020eaaee2800 nmethod 790 0x0000020e94410690 code [0x0000020e944108a0, 0x0000020e94410f60]

GC Heap History (0 events):
No events

Deoptimization events (10 events):
Event: 0.211 Thread 0x0000020e8c536000 Uncommon trap: reason=unstable_if action=reinterpret pc=0x0000020e9b7b4128 method=java.lang.String.hashCode()I @ 14 c2
Event: 0.271 Thread 0x0000020e8c536000 Uncommon trap: reason=unstable_if action=reinterpret pc=0x0000020e9b7bd428 method=java.util.HashMap.putVal(ILjava/lang/Object;Ljava/lang/Object;ZZ)Ljava/lang/Object; @ 69 c2
Event: 0.297 Thread 0x0000020e8c536000 Uncommon trap: reason=unstable_if action=reinterpret pc=0x0000020e9b7c187c method=java.lang.String.charAt(I)C @ 4 c2
Event: 0.528 Thread 0x0000020e8c536000 Uncommon trap: reason=unstable_if action=reinterpret pc=0x0000020e9b7d57cc method=org.eclipse.jdt.launching.internal.org.objectweb.asm.ClassReader.readUTF(II[C)Ljava/lang/String; @ 41 c2
Event: 0.528 Thread 0x0000020e8c536000 Uncommon trap: reason=unstable_if action=reinterpret pc=0x0000020e9b7e90b4 method=java.lang.StringUTF16.compress([CII)[B @ 13 c2
Event: 0.528 Thread 0x0000020e8c536000 Uncommon trap: reason=unstable_if action=reinterpret pc=0x0000020e9b7d1fb8 method=java.lang.String.hashCode()I @ 22 c2
Event: 0.529 Thread 0x0000020e8c536000 Uncommon trap: reason=unstable_fused_if action=reinterpret pc=0x0000020e9b7dfe9c method=org.eclipse.jdt.launching.internal.org.objectweb.asm.ByteVector.putUTF8(Ljava/lang/String;)Lorg/eclipse/jdt/launching/internal/org/objectweb/asm/ByteVector; @ 91 c2
Event: 0.529 Thread 0x0000020e8c536000 Uncommon trap: reason=unstable_if action=reinterpret pc=0x0000020e9b7d43c0 method=java.lang.StringUTF16.compress([CI[BII)I @ 20 c2
Event: 0.529 Thread 0x0000020e8c536000 Uncommon trap: reason=unstable_fused_if action=reinterpret pc=0x0000020e9b7d4b04 method=org.eclipse.jdt.launching.internal.org.objectweb.asm.ByteVector.putUTF8(Ljava/lang/String;)Lorg/eclipse/jdt/launching/internal/org/objectweb/asm/ByteVector; @ 91 c2
Event: 23.161 Thread 0x0000020eaa5cc800 Uncommon trap: reason=unstable_if action=reinterpret pc=0x0000020e9b7b6a24 method=java.lang.String.equals(Ljava/lang/Object;)Z @ 27 c2

Classes redefined (3 events):
Event: 29.452 Thread 0x0000020eaa5a7000 redefined class name=com.naimuri.run.CommandLineArgumentRunnerTest, count=1
Event: 59.980 Thread 0x0000020eaa5a7000 redefined class name=com.naimuri.run.CommandLineArgumentRunnerTest, count=2
Event: 67.308 Thread 0x0000020eaa5a7000 redefined class name=com.naimuri.run.CommandLineArgumentRunnerTest, count=3

Internal exceptions (6 events):
Event: 0.465 Thread 0x0000020e8c536000 Exception <a 'java/lang/NoSuchMethodError'{0x00000000891b4498}: method resolution failed> (0x00000000891b4498) thrown at [t:/workspace/open/src/hotspot/share/prims/methodHandles.cpp, line 1226]
Event: 0.471 Thread 0x0000020e8c536000 Exception <a 'java/lang/NoSuchMethodError'{0x00000000891cd0f8}: java.lang.invoke.DirectMethodHandle$Holder.invokeStatic(Ljava/lang/Object;Ljava/lang/Object;)I> (0x00000000891cd0f8) thrown at [t:/workspace/open/src/hotspot/share/interpreter/linkResolver.cp
Event: 0.474 Thread 0x0000020e8c536000 Exception <a 'java/lang/NoSuchMethodError'{0x00000000891dd478}: java.lang.Object.of([Ljava/lang/Object;)Ljava/util/stream/Stream;> (0x00000000891dd478) thrown at [t:/workspace/open/src/hotspot/share/interpreter/linkResolver.cpp, line 741]
Event: 0.509 Thread 0x0000020e8c536000 Exception <a 'java/lang/NoSuchMethodError'{0x0000000088f424d0}: java.lang.Object.lambda$negate$3(I)Z> (0x0000000088f424d0) thrown at [t:/workspace/open/src/hotspot/share/interpreter/linkResolver.cpp, line 741]
Event: 0.511 Thread 0x0000020e8c536000 Exception <a 'java/lang/NoSuchMethodError'{0x0000000088f45dd0}: java.lang.Object.lambda$union$3(Ljava/util/regex/Pattern$CharPredicate;I)Z> (0x0000000088f45dd0) thrown at [t:/workspace/open/src/hotspot/share/interpreter/linkResolver.cpp, line 741]
Event: 0.516 Thread 0x0000020e8c536000 Exception <a 'java/lang/NoSuchMethodError'{0x0000000088f636b8}: java.lang.Object.lambda$union$2(Ljava/util/regex/Pattern$CharPredicate;I)Z> (0x0000000088f636b8) thrown at [t:/workspace/open/src/hotspot/share/interpreter/linkResolver.cpp, line 741]

Events (10 events):
Event: 90.800 Executing VM operation: GetOwnedMonitorInfo done
Event: 91.277 Executing VM operation: GetFrameCount
Event: 91.277 Executing VM operation: GetFrameCount done
Event: 91.277 Executing VM operation: GetOwnedMonitorInfo
Event: 91.277 Executing VM operation: GetOwnedMonitorInfo done
Event: 91.278 Executing VM operation: GetCurrentContendedMonitor
Event: 91.278 Executing VM operation: GetCurrentContendedMonitor done
Event: 91.302 Executing VM operation: GetFrameLocation
Event: 91.302 Executing VM operation: GetFrameLocation done
Event: 91.302 Executing VM operation: GetOrSetLocal


Dynamic libraries:
0x00007ff666330000 - 0x00007ff66636e000 	C:\Program Files\Java\jre-10.0.1\bin\javaw.exe
0x00007ff8f3040000 - 0x00007ff8f322d000 	C:\WINDOWS\SYSTEM32\ntdll.dll
0x00007ff8f03e0000 - 0x00007ff8f0493000 	C:\WINDOWS\System32\KERNEL32.DLL
0x00007ff8efea0000 - 0x00007ff8f0135000 	C:\WINDOWS\System32\KERNELBASE.dll
0x00007ff8f2c30000 - 0x00007ff8f2cd3000 	C:\WINDOWS\System32\ADVAPI32.dll
0x00007ff8f2080000 - 0x00007ff8f211e000 	C:\WINDOWS\System32\msvcrt.dll
0x00007ff8f0260000 - 0x00007ff8f02fe000 	C:\WINDOWS\System32\sechost.dll
0x00007ff8f2620000 - 0x00007ff8f2742000 	C:\WINDOWS\System32\RPCRT4.dll
0x00007ff8f2880000 - 0x00007ff8f2a17000 	C:\WINDOWS\System32\USER32.dll
0x00007ff8ef310000 - 0x00007ff8ef330000 	C:\WINDOWS\System32\win32u.dll
0x00007ff8f0380000 - 0x00007ff8f03a9000 	C:\WINDOWS\System32\GDI32.dll
0x00007ff8efc80000 - 0x00007ff8efe19000 	C:\WINDOWS\System32\gdi32full.dll
0x00007ff8f01c0000 - 0x00007ff8f0260000 	C:\WINDOWS\System32\msvcp_win.dll
0x00007ff8efb80000 - 0x00007ff8efc7a000 	C:\WINDOWS\System32\ucrtbase.dll
0x00007ff8e2200000 - 0x00007ff8e2479000 	C:\WINDOWS\WinSxS\amd64_microsoft.windows.common-controls_6595b64144ccf1df_6.0.17763.1217_none_de6e4304534e0ad3\COMCTL32.dll
0x00007ff8e8d30000 - 0x00007ff8e8d3a000 	C:\WINDOWS\SYSTEM32\VERSION.dll
0x00007ff8f2ce0000 - 0x00007ff8f300c000 	C:\WINDOWS\System32\combase.dll
0x00007ff8efe20000 - 0x00007ff8efe9e000 	C:\WINDOWS\System32\bcryptPrimitives.dll
0x00007ff8f03b0000 - 0x00007ff8f03de000 	C:\WINDOWS\System32\IMM32.DLL
0x00007ff8d6930000 - 0x00007ff8d6a1f000 	C:\Program Files\Java\jre-10.0.1\bin\msvcr120.dll
0x00007ff8d2bd0000 - 0x00007ff8d2c76000 	C:\Program Files\Java\jre-10.0.1\bin\msvcp120.dll
0x0000000065380000 - 0x0000000065df0000 	C:\Program Files\Java\jre-10.0.1\bin\server\jvm.dll
0x00007ff8f2af0000 - 0x00007ff8f2af8000 	C:\WINDOWS\System32\PSAPI.DLL
0x00007ff8d5600000 - 0x00007ff8d5609000 	C:\WINDOWS\SYSTEM32\WSOCK32.dll
0x00007ff8ec7b0000 - 0x00007ff8ec7d4000 	C:\WINDOWS\SYSTEM32\WINMM.dll
0x00007ff8f2810000 - 0x00007ff8f287d000 	C:\WINDOWS\System32\WS2_32.dll
0x00007ff8ec780000 - 0x00007ff8ec7ad000 	C:\WINDOWS\SYSTEM32\WINMMBASE.dll
0x00007ff8efb30000 - 0x00007ff8efb7a000 	C:\WINDOWS\System32\cfgmgr32.dll
0x00007ff8ec0e0000 - 0x00007ff8ec0ef000 	C:\Program Files\Java\jre-10.0.1\bin\verify.dll
0x00007ff8edab0000 - 0x00007ff8edc9d000 	C:\WINDOWS\SYSTEM32\DBGHELP.DLL
0x00007ff8dc200000 - 0x00007ff8dc22a000 	C:\WINDOWS\SYSTEM32\dbgcore.DLL
0x00007ff8ea170000 - 0x00007ff8ea197000 	C:\Program Files\Java\jre-10.0.1\bin\java.dll
0x00007ff8da910000 - 0x00007ff8da946000 	C:\Program Files\Java\jre-10.0.1\bin\jdwp.dll
0x00007ff8e0d50000 - 0x00007ff8e0d7a000 	C:\Program Files\Java\jre-10.0.1\bin\instrument.dll
0x00007ff8ea370000 - 0x00007ff8ea386000 	C:\Program Files\Java\jre-10.0.1\bin\zip.dll
0x00007ff8ec0d0000 - 0x00007ff8ec0da000 	C:\Program Files\Java\jre-10.0.1\bin\jimage.dll
0x00007ff8f07f0000 - 0x00007ff8f1ce4000 	C:\WINDOWS\System32\SHELL32.dll
0x00007ff8f0650000 - 0x00007ff8f06f8000 	C:\WINDOWS\System32\shcore.dll
0x00007ff8ef3e0000 - 0x00007ff8efb2e000 	C:\WINDOWS\System32\windows.storage.dll
0x00007ff8ef090000 - 0x00007ff8ef0b4000 	C:\WINDOWS\System32\profapi.dll
0x00007ff8ef030000 - 0x00007ff8ef08d000 	C:\WINDOWS\System32\powrprof.dll
0x00007ff8f2020000 - 0x00007ff8f2072000 	C:\WINDOWS\System32\shlwapi.dll
0x00007ff8ef0c0000 - 0x00007ff8ef0d1000 	C:\WINDOWS\System32\kernel.appcore.dll
0x00007ff8f01a0000 - 0x00007ff8f01b7000 	C:\WINDOWS\System32\cryptsp.dll
0x00007ff8e9270000 - 0x00007ff8e927a000 	C:\Program Files\Java\jre-10.0.1\bin\dt_socket.dll
0x00007ff8ee8a0000 - 0x00007ff8ee907000 	C:\WINDOWS\System32\mswsock.dll
0x00007ff8ee600000 - 0x00007ff8ee6c7000 	C:\WINDOWS\SYSTEM32\DNSAPI.dll
0x00007ff8f2750000 - 0x00007ff8f2758000 	C:\WINDOWS\System32\NSI.dll
0x00007ff8ee5c0000 - 0x00007ff8ee5fd000 	C:\WINDOWS\SYSTEM32\IPHLPAPI.DLL
0x00007ff8e1b50000 - 0x00007ff8e1bc9000 	C:\WINDOWS\System32\fwpuclnt.dll
0x00007ff8ef2e0000 - 0x00007ff8ef306000 	C:\WINDOWS\System32\bcrypt.dll
0x00007ff8e18a0000 - 0x00007ff8e18aa000 	C:\Windows\System32\rasadhlp.dll
0x00007ff8e9620000 - 0x00007ff8e963a000 	C:\Program Files\Java\jre-10.0.1\bin\net.dll
0x00007ff8e4d00000 - 0x00007ff8e4df2000 	C:\WINDOWS\SYSTEM32\WINHTTP.dll
0x00007ff8e9600000 - 0x00007ff8e9611000 	C:\Program Files\Java\jre-10.0.1\bin\nio.dll

dbghelp: loaded successfully - version: 4.0.5 - missing functions: none
symbol engine: initialized successfully - sym options: 0x614 - pdb path: .;C:\Program Files\Java\jre-10.0.1\bin;C:\WINDOWS\SYSTEM32;C:\WINDOWS\WinSxS\amd64_microsoft.windows.common-controls_6595b64144ccf1df_6.0.17763.1217_none_de6e4304534e0ad3;C:\Program Files\Java\jre-10.0.1\bin\server

VM Arguments:
jvm_args: -agentlib:jdwp=transport=dt_socket,suspend=y,address=localhost:50430 -ea -javaagent:C:\Dev\IDE\eclipse_jee\eclipse\configuration\org.eclipse.osgi\419\0\.cp\lib\javaagent-shaded.jar -Dfile.encoding=UTF-8 
java_command: org.eclipse.jdt.internal.junit.runner.RemoteTestRunner -version 3 -port 50429 -testLoaderClass org.eclipse.jdt.internal.junit4.runner.JUnit4TestLoader -loaderpluginname org.eclipse.jdt.junit4.runtime -classNames com.naimuri.run.CommandLineArgumentRunnerTest
java_class_path (initial): D:\Naimuri_Interview\Eclipse_Project\wordsquare\target\test-classes;D:\Naimuri_Interview\Eclipse_Project\wordsquare\target\classes;C:\Users\nat\.p2\pool\plugins\org.junit_4.12.0.v201504281640\junit.jar;C:\Users\nat\.p2\pool\plugins\org.hamcrest.core_1.3.0.v20180420-1519.jar;C:\Dev\IDE\eclipse_jee\eclipse\configuration\org.eclipse.osgi\417\0\.cp;C:\Dev\IDE\eclipse_jee\eclipse\configuration\org.eclipse.osgi\416\0\.cp
Launcher Type: SUN_STANDARD

Logging:
Log output configuration:
#0: stdout all=warning uptime,level,tags
#1: stderr all=off uptime,level,tags

Environment Variables:
PATH=C:\Program Files (x86)\Common Files\Oracle\Java\javapath;C:\Program Files (x86)\Intel\iCLS Client\;C:\Program Files\Intel\iCLS Client\;C:\Windows\system32;C:\Windows;C:\Windows\System32\Wbem;C:\Windows\System32\WindowsPowerShell\v1.0\;C:\Program Files (x86)\Intel\Intel(R) Management Engine Components\DAL;C:\Program Files\Intel\Intel(R) Management Engine Components\DAL;C:\Program Files (x86)\Intel\Intel(R) Management Engine Components\IPT;C:\Program Files\Intel\Intel(R) Management Engine Components\IPT;C:\Program Files (x86)\NVIDIA Corporation\PhysX\Common;C:\WINDOWS\system32;C:\WINDOWS;C:\WINDOWS\System32\Wbem;C:\WINDOWS\System32\WindowsPowerShell\v1.0\;C:\Program Files\Microsoft VS Code\bin;C:\WINDOWS\System32\OpenSSH\;C:\Users\nat\AppData\Local\Programs\Python\Python38\Scripts\;C:\Users\nat\AppData\Local\Programs\Python\Python38\;C:\Users\nat\AppData\Local\Microsoft\WindowsApps;
USERNAME=nat
OS=Windows_NT
PROCESSOR_IDENTIFIER=Intel64 Family 6 Model 158 Stepping 9, GenuineIntel



---------------  S Y S T E M  ---------------

OS: Windows 10 , 64 bit Build 17763 (10.0.17763.1158)

CPU:total 8 (initial active 8) (4 cores per cpu, 2 threads per core) family 6 model 158 stepping 9, cmov, cx8, fxsr, mmx, sse, sse2, sse3, ssse3, sse4.1, sse4.2, popcnt, avx, avx2, aes, clmul, erms, 3dnowpref, lzcnt, ht, tsc, tscinvbit, bmi1, bmi2, adx, fma

Memory: 4k page, physical 8269412k(1301588k free), swap 16395876k(2751016k free)

vm_info: Java HotSpot(TM) 64-Bit Server VM (10.0.1+10) for windows-amd64 JRE (10.0.1+10), built on Mar 27 2018 02:27:48 by "mach5one" with MS VC++ 12.0 (VS2013)

END.
